-------------------------------------------------------------------------------
Test set: com.carseller.cars.CarsApplicationTests
-------------------------------------------------------------------------------
Tests run: 1, Failures: 0, Errors: 1, Skipped: 0, Time elapsed: 0 s <<< FAILURE! - in com.carseller.cars.CarsApplicationTests
initializationError  Time elapsed: 0 s  <<< ERROR!
org.junit.runners.model.InvalidTestClassError: 
Invalid test class 'com.carseller.cars.CarsApplicationTests':
  1. No runnable methods

